<?xml version="1.0" encoding="UTF-8"?>
<!-- Generated by org.testng.reporters.JUnitXMLReporter -->
<testsuite ignored="0" hostname="DESKTOP-0A7DVIM" failures="0" tests="7" name="Default test" time="44.33" errors="0" timestamp="2023-09-04T00:11:18 IST">
  <testcase classname="com.simplilearn.TestingMedicareWebApplication.Testcases$testcase001" name="singup" time="9.087"/>
  <testcase classname="com.simplilearn.TestingMedicareWebApplication.Testcases$testcase002" name="login" time="3.579"/>
  <testcase classname="com.simplilearn.TestingMedicareWebApplication.Testcases$testcase003" name="home" time="3.414"/>
  <testcase classname="com.simplilearn.TestingMedicareWebApplication.Testcases$testcase004" name="contact" time="3.819"/>
  <testcase classname="com.simplilearn.TestingMedicareWebApplication.Testcases$testcase005" name="about" time="3.783"/>
  <testcase classname="com.simplilearn.TestingMedicareWebApplication.Testcases$testcase006" name="product" time="6.786"/>
  <testcase classname="com.simplilearn.TestingMedicareWebApplication.Testcases$testcase007" name="cart" time="13.814"/>
</testsuite> <!-- Default test -->
