<?xml version="1.0" encoding="UTF-8"?>
<!-- Generated by org.testng.reporters.JUnitXMLReporter -->
<testsuite ignored="0" hostname="DESKTOP-0A7DVIM" failures="0" tests="7" name="Test" time="44.645" errors="0" timestamp="2023-09-05T21:17:43 IST">
  <testcase classname="com.simplilearn.TestingMedicareWebApplication.Testcases$testcase001" name="singup" time="9.227"/>
  <testcase classname="com.simplilearn.TestingMedicareWebApplication.Testcases$testcase002" name="login" time="3.586"/>
  <testcase classname="com.simplilearn.TestingMedicareWebApplication.Testcases$testcase003" name="home" time="3.424"/>
  <testcase classname="com.simplilearn.TestingMedicareWebApplication.Testcases$testcase004" name="contact" time="3.803"/>
  <testcase classname="com.simplilearn.TestingMedicareWebApplication.Testcases$testcase005" name="about" time="3.834"/>
  <testcase classname="com.simplilearn.TestingMedicareWebApplication.Testcases$testcase006" name="product" time="6.643"/>
  <testcase classname="com.simplilearn.TestingMedicareWebApplication.Testcases$testcase007" name="cart" time="14.074"/>
</testsuite> <!-- Test -->
