<?xml version="1.0" encoding="UTF-8"?>
<testng-results ignored="0" total="7" passed="7" failed="0" skipped="0">
  <reporter-output>
  </reporter-output>
  <suite started-at="2023-09-05T21:16:59 IST" name="Suite" finished-at="2023-09-05T21:17:43 IST" duration-ms="44645">
    <groups>
    </groups>
    <test started-at="2023-09-05T21:16:59 IST" name="Test" finished-at="2023-09-05T21:17:43 IST" duration-ms="44645">
      <class name="com.simplilearn.TestingMedicareWebApplication.Testcases$testcase006">
        <test-method signature="product()[pri:0, instance:com.simplilearn.TestingMedicareWebApplication.Testcases$testcase006@36fc695d]" started-at="2023-09-05T21:17:23 IST" name="product" finished-at="2023-09-05T21:17:29 IST" duration-ms="6643" status="PASS">
          <reporter-output>
          </reporter-output>
        </test-method> <!-- product -->
      </class> <!-- com.simplilearn.TestingMedicareWebApplication.Testcases$testcase006 -->
      <class name="com.simplilearn.TestingMedicareWebApplication.Testcases$testcase007">
        <test-method signature="cart()[pri:0, instance:com.simplilearn.TestingMedicareWebApplication.Testcases$testcase007@28701274]" started-at="2023-09-05T21:17:29 IST" name="cart" finished-at="2023-09-05T21:17:43 IST" duration-ms="14074" status="PASS">
          <reporter-output>
          </reporter-output>
        </test-method> <!-- cart -->
      </class> <!-- com.simplilearn.TestingMedicareWebApplication.Testcases$testcase007 -->
      <class name="com.simplilearn.TestingMedicareWebApplication.Testcases$testcase001">
        <test-method signature="singup()[pri:0, instance:com.simplilearn.TestingMedicareWebApplication.Testcases$testcase001@6771beb3]" started-at="2023-09-05T21:16:59 IST" name="singup" finished-at="2023-09-05T21:17:08 IST" duration-ms="9227" status="PASS">
          <reporter-output>
          </reporter-output>
        </test-method> <!-- singup -->
      </class> <!-- com.simplilearn.TestingMedicareWebApplication.Testcases$testcase001 -->
      <class name="com.simplilearn.TestingMedicareWebApplication.Testcases$testcase002">
        <test-method signature="login()[pri:0, instance:com.simplilearn.TestingMedicareWebApplication.Testcases$testcase002@51399530]" started-at="2023-09-05T21:17:08 IST" name="login" finished-at="2023-09-05T21:17:12 IST" duration-ms="3586" status="PASS">
          <reporter-output>
          </reporter-output>
        </test-method> <!-- login -->
      </class> <!-- com.simplilearn.TestingMedicareWebApplication.Testcases$testcase002 -->
      <class name="com.simplilearn.TestingMedicareWebApplication.Testcases$testcase003">
        <test-method signature="home()[pri:0, instance:com.simplilearn.TestingMedicareWebApplication.Testcases$testcase003@6b2ea799]" started-at="2023-09-05T21:17:12 IST" name="home" finished-at="2023-09-05T21:17:15 IST" duration-ms="3424" status="PASS">
          <reporter-output>
          </reporter-output>
        </test-method> <!-- home -->
      </class> <!-- com.simplilearn.TestingMedicareWebApplication.Testcases$testcase003 -->
      <class name="com.simplilearn.TestingMedicareWebApplication.Testcases$testcase004">
        <test-method signature="contact()[pri:0, instance:com.simplilearn.TestingMedicareWebApplication.Testcases$testcase004@411f53a0]" started-at="2023-09-05T21:17:15 IST" name="contact" finished-at="2023-09-05T21:17:19 IST" duration-ms="3803" status="PASS">
          <reporter-output>
          </reporter-output>
        </test-method> <!-- contact -->
      </class> <!-- com.simplilearn.TestingMedicareWebApplication.Testcases$testcase004 -->
      <class name="com.simplilearn.TestingMedicareWebApplication.Testcases$testcase005">
        <test-method signature="about()[pri:0, instance:com.simplilearn.TestingMedicareWebApplication.Testcases$testcase005@2b71e916]" started-at="2023-09-05T21:17:19 IST" name="about" finished-at="2023-09-05T21:17:23 IST" duration-ms="3834" status="PASS">
          <reporter-output>
          </reporter-output>
        </test-method> <!-- about -->
      </class> <!-- com.simplilearn.TestingMedicareWebApplication.Testcases$testcase005 -->
    </test> <!-- Test -->
  </suite> <!-- Suite -->
</testng-results>
